TN:
SF:/Users/milafrerichs/Development/work/civicvision/terranodo/importer-client/src/components/layerImport.jsx
FN:27,(anonymous_0)
FN:31,(anonymous_1)
FN:40,(anonymous_2)
FN:41,(anonymous_3)
FN:46,(anonymous_4)
FN:53,(anonymous_5)
FN:54,(anonymous_6)
FN:58,(anonymous_7)
FN:63,(anonymous_8)
FN:68,(anonymous_9)
FN:72,(anonymous_10)
FN:75,(anonymous_11)
FN:80,(anonymous_12)
FN:83,(anonymous_13)
FN:92,(anonymous_14)
FN:94,(anonymous_15)
FN:101,(anonymous_16)
FN:126,(anonymous_17)
FNF:18
FNH:7
FNDA:7,(anonymous_0)
FNDA:8,(anonymous_1)
FNDA:8,(anonymous_2)
FNDA:9,(anonymous_3)
FNDA:0,(anonymous_4)
FNDA:0,(anonymous_5)
FNDA:0,(anonymous_6)
FNDA:0,(anonymous_7)
FNDA:0,(anonymous_8)
FNDA:0,(anonymous_9)
FNDA:0,(anonymous_10)
FNDA:0,(anonymous_11)
FNDA:0,(anonymous_12)
FNDA:2,(anonymous_13)
FNDA:0,(anonymous_14)
FNDA:0,(anonymous_15)
FNDA:12,(anonymous_16)
FNDA:9,(anonymous_17)
DA:14,1
DA:28,7
DA:29,7
DA:30,7
DA:31,8
DA:32,7
DA:33,7
DA:40,7
DA:41,8
DA:42,9
DA:47,0
DA:48,0
DA:49,0
DA:51,0
DA:54,0
DA:55,0
DA:59,0
DA:64,0
DA:69,0
DA:70,0
DA:73,0
DA:76,0
DA:77,0
DA:78,0
DA:81,0
DA:84,2
DA:85,2
DA:86,2
DA:87,2
DA:88,2
DA:89,2
DA:90,2
DA:93,0
DA:94,0
DA:103,12
DA:104,12
DA:105,12
DA:106,12
DA:107,12
DA:108,12
DA:109,4
DA:110,4
DA:119,4
DA:121,8
DA:122,8
DA:123,8
DA:124,8
DA:125,8
DA:126,8
DA:127,9
DA:129,9
DA:130,7
DA:131,2
DA:132,2
DA:133,0
DA:134,0
DA:135,0
DA:137,9
DA:138,9
DA:140,8
DA:141,8
DA:147,12
LF:62
LH:42
BRDA:47,0,0,0
BRDA:47,0,1,0
BRDA:104,1,0,2
BRDA:104,1,1,10
BRDA:108,2,0,4
BRDA:108,2,1,8
BRDA:129,3,0,7
BRDA:129,3,1,2
BRDA:131,4,0,2
BRDA:131,4,1,0
BRDA:133,5,0,0
BRDA:133,5,1,0
BRF:12
BRH:7
end_of_record
TN:
SF:/Users/milafrerichs/Development/work/civicvision/terranodo/importer-client/src/components/step.jsx
FN:25,(anonymous_0)
FN:28,(anonymous_1)
FN:31,(anonymous_2)
FN:34,(anonymous_3)
FN:37,(anonymous_4)
FN:58,(anonymous_5)
FNF:6
FNH:3
FNDA:3,(anonymous_0)
FNDA:0,(anonymous_1)
FNDA:0,(anonymous_2)
FNDA:0,(anonymous_3)
FNDA:5,(anonymous_4)
FNDA:11,(anonymous_5)
DA:26,3
DA:29,0
DA:32,0
DA:35,0
DA:38,5
DA:39,5
DA:40,5
DA:41,5
DA:42,5
DA:43,5
DA:44,0
DA:48,5
DA:49,4
DA:54,5
DA:59,11
LF:15
LH:11
BRDA:42,0,0,5
BRDA:42,0,1,0
BRDA:43,1,0,0
BRDA:43,1,1,5
BRDA:48,2,0,4
BRDA:48,2,1,1
BRF:6
BRH:4
end_of_record
TN:
SF:/Users/milafrerichs/Development/work/civicvision/terranodo/importer-client/src/componentHelpers.js
FN:5,(anonymous_0)
FN:11,(anonymous_1)
FN:14,(anonymous_2)
FN:18,(anonymous_3)
FNF:4
FNH:1
FNDA:7,(anonymous_0)
FNDA:0,(anonymous_1)
FNDA:0,(anonymous_2)
FNDA:0,(anonymous_3)
DA:5,1
DA:6,7
DA:11,0
DA:14,1
DA:15,0
DA:18,0
LF:6
LH:3
BRDA:5,0,0,7
BRDA:14,1,0,0
BRF:2
BRH:1
end_of_record
TN:
SF:/Users/milafrerichs/Development/work/civicvision/terranodo/importer-client/src/services/config.js
FN:5,isFunction
FN:8,(anonymous_1)
FN:11,(anonymous_2)
FN:13,(anonymous_3)
FN:25,(anonymous_4)
FN:27,(anonymous_5)
FN:32,(anonymous_6)
FN:35,(anonymous_7)
FN:37,(anonymous_8)
FN:38,(anonymous_9)
FNF:10
FNH:5
FNDA:0,isFunction
FNDA:1,(anonymous_1)
FNDA:9,(anonymous_2)
FNDA:10,(anonymous_3)
FNDA:3,(anonymous_4)
FNDA:3,(anonymous_5)
FNDA:0,(anonymous_6)
FNDA:0,(anonymous_7)
FNDA:0,(anonymous_8)
FNDA:0,(anonymous_9)
DA:3,1
DA:4,1
DA:6,0
DA:8,1
DA:9,1
DA:11,1
DA:12,9
DA:13,9
DA:15,10
DA:16,9
DA:18,1
DA:20,10
DA:21,10
DA:23,9
DA:25,1
DA:26,3
DA:27,3
DA:28,3
DA:30,3
DA:32,1
DA:33,0
DA:35,1
DA:36,0
DA:37,0
DA:38,0
DA:39,0
DA:40,0
DA:42,0
DA:43,0
DA:44,0
DA:46,0
DA:51,0
LF:32
LH:20
BRDA:6,0,0,0
BRDA:6,0,1,0
BRDA:11,1,0,9
BRDA:15,2,0,9
BRDA:15,2,1,1
BRDA:39,3,0,0
BRDA:39,3,1,0
BRDA:39,4,0,0
BRDA:39,4,1,0
BRDA:42,5,0,0
BRDA:42,5,1,0
BRDA:42,6,0,0
BRDA:42,6,1,0
BRDA:42,6,2,0
BRDA:42,6,3,0
BRDA:43,7,0,0
BRDA:43,7,1,0
BRF:17
BRH:3
end_of_record
TN:
SF:/Users/milafrerichs/Development/work/civicvision/terranodo/importer-client/src/config/defaults.js
FNF:0
FNH:0
DA:5,1
LF:1
LH:1
BRF:0
BRH:0
end_of_record
TN:
SF:/Users/milafrerichs/Development/work/civicvision/terranodo/importer-client/src/config/datetime.js
FN:1,dateTime
FN:4,(anonymous_1)
FN:7,(anonymous_2)
FN:10,(anonymous_3)
FN:24,(anonymous_4)
FN:32,(anonymous_5)
FNF:6
FNH:5
FNDA:4,dateTime
FNDA:6,(anonymous_1)
FNDA:2,(anonymous_2)
FNDA:4,(anonymous_3)
FNDA:1,(anonymous_4)
FNDA:0,(anonymous_5)
DA:3,4
DA:4,4
DA:5,6
DA:7,4
DA:8,2
DA:10,4
DA:11,4
DA:24,4
DA:25,1
DA:26,1
DA:27,1
DA:28,1
DA:30,0
DA:32,4
DA:33,0
DA:35,4
LF:16
LH:14
BRDA:25,0,0,1
BRDA:25,0,1,0
BRDA:27,1,0,0
BRDA:27,1,1,1
BRF:4
BRH:2
end_of_record
TN:
SF:/Users/milafrerichs/Development/work/civicvision/terranodo/importer-client/src/config/layername.js
FN:1,(anonymous_0)
FN:4,(anonymous_1)
FN:7,(anonymous_2)
FN:10,(anonymous_3)
FN:17,(anonymous_4)
FN:20,(anonymous_5)
FNF:6
FNH:5
FNDA:11,(anonymous_0)
FNDA:11,(anonymous_1)
FNDA:14,(anonymous_2)
FNDA:16,(anonymous_3)
FNDA:4,(anonymous_4)
FNDA:0,(anonymous_5)
DA:1,1
DA:3,11
DA:4,11
DA:5,11
DA:7,11
DA:8,14
DA:10,11
DA:11,16
DA:17,11
DA:18,4
DA:20,11
DA:21,0
DA:23,11
LF:13
LH:12
BRF:0
BRH:0
end_of_record
TN:
SF:/Users/milafrerichs/Development/work/civicvision/terranodo/importer-client/src/config/geogig.js
FN:1,(anonymous_0)
FN:3,(anonymous_1)
FN:5,(anonymous_2)
FN:11,(anonymous_3)
FN:17,(anonymous_4)
FNF:5
FNH:3
FNDA:1,(anonymous_0)
FNDA:1,(anonymous_1)
FNDA:0,(anonymous_2)
FNDA:1,(anonymous_3)
FNDA:0,(anonymous_4)
DA:1,1
DA:2,1
DA:3,1
DA:5,1
DA:6,0
DA:11,1
DA:12,1
DA:13,1
DA:15,0
DA:17,1
DA:18,0
DA:20,1
LF:12
LH:9
BRDA:12,0,0,1
BRDA:12,0,1,0
BRF:2
BRH:1
end_of_record
TN:
SF:/Users/milafrerichs/Development/work/civicvision/terranodo/importer-client/src/state/uploads/selectors.js
FN:1,uploadSuccess
FN:4,uploadFailed
FN:7,uploadData
FN:10,getUploadData
FN:13,uploadId
FN:16,importStarted
FN:19,singleImportStarted
FN:22,isLayerImported
FNF:8
FNH:6
FNDA:3,uploadSuccess
FNDA:0,uploadFailed
FNDA:2,uploadData
FNDA:2,getUploadData
FNDA:1,uploadId
FNDA:0,importStarted
FNDA:3,singleImportStarted
FNDA:3,isLayerImported
DA:2,3
DA:5,0
DA:8,2
DA:11,2
DA:14,1
DA:17,0
DA:20,3
DA:23,3
LF:8
LH:6
BRDA:8,0,0,1
BRDA:8,0,1,1
BRDA:20,1,0,2
BRDA:20,1,1,1
BRDA:20,2,0,3
BRDA:20,2,1,2
BRDA:23,3,0,2
BRDA:23,3,1,1
BRDA:23,4,0,3
BRDA:23,4,1,2
BRF:10
BRH:10
end_of_record
TN:
SF:/Users/milafrerichs/Development/work/civicvision/terranodo/importer-client/src/components/fields/select.jsx
FN:14,(anonymous_0)
FN:18,(anonymous_1)
FN:20,(anonymous_2)
FN:21,(anonymous_3)
FN:23,(anonymous_4)
FN:25,(anonymous_5)
FN:32,(anonymous_6)
FN:40,(anonymous_7)
FNF:8
FNH:0
FNDA:0,(anonymous_0)
FNDA:0,(anonymous_1)
FNDA:0,(anonymous_2)
FNDA:0,(anonymous_3)
FNDA:0,(anonymous_4)
FNDA:0,(anonymous_5)
FNDA:0,(anonymous_6)
FNDA:0,(anonymous_7)
DA:15,0
DA:16,0
DA:19,0
DA:20,0
DA:21,0
DA:24,0
DA:25,0
DA:34,0
DA:35,0
DA:37,0
DA:40,0
LF:11
LH:0
BRDA:34,0,0,0
BRDA:34,0,1,0
BRF:2
BRH:0
end_of_record
TN:
SF:/Users/milafrerichs/Development/work/civicvision/terranodo/importer-client/src/components/upload.jsx
FN:13,(anonymous_0)
FN:20,(anonymous_1)
FN:25,(anonymous_2)
FN:29,(anonymous_3)
FNF:4
FNH:2
FNDA:1,(anonymous_0)
FNDA:0,(anonymous_1)
FNDA:0,(anonymous_2)
FNDA:1,(anonymous_3)
DA:14,1
DA:15,1
DA:21,0
DA:22,0
DA:26,0
DA:27,0
DA:30,1
DA:31,1
LF:8
LH:4
BRDA:21,0,0,0
BRDA:21,0,1,0
BRDA:30,1,0,0
BRDA:30,1,1,1
BRF:4
BRH:1
end_of_record
TN:
SF:/Users/milafrerichs/Development/work/civicvision/terranodo/importer-client/src/services/geonode.js
FN:3,(anonymous_0)
FN:10,(anonymous_1)
FN:15,(anonymous_2)
FN:20,(anonymous_3)
FN:30,(anonymous_4)
FN:32,(anonymous_5)
FN:38,(anonymous_6)
FN:39,(anonymous_7)
FN:42,(anonymous_8)
FN:46,(anonymous_9)
FN:47,(anonymous_10)
FN:49,(anonymous_11)
FN:53,(anonymous_12)
FN:54,(anonymous_13)
FN:56,(anonymous_14)
FN:60,(anonymous_15)
FN:61,(anonymous_16)
FN:63,(anonymous_17)
FN:67,(anonymous_18)
FN:68,(anonymous_19)
FN:71,(anonymous_20)
FN:75,(anonymous_21)
FN:76,(anonymous_22)
FN:78,(anonymous_23)
FN:82,(anonymous_24)
FN:83,(anonymous_25)
FNF:26
FNH:18
FNDA:7,(anonymous_0)
FNDA:6,(anonymous_1)
FNDA:7,(anonymous_2)
FNDA:7,(anonymous_3)
FNDA:1,(anonymous_4)
FNDA:0,(anonymous_5)
FNDA:1,(anonymous_6)
FNDA:0,(anonymous_7)
FNDA:1,(anonymous_8)
FNDA:1,(anonymous_9)
FNDA:0,(anonymous_10)
FNDA:1,(anonymous_11)
FNDA:1,(anonymous_12)
FNDA:0,(anonymous_13)
FNDA:1,(anonymous_14)
FNDA:1,(anonymous_15)
FNDA:0,(anonymous_16)
FNDA:1,(anonymous_17)
FNDA:1,(anonymous_18)
FNDA:0,(anonymous_19)
FNDA:1,(anonymous_20)
FNDA:1,(anonymous_21)
FNDA:0,(anonymous_22)
FNDA:1,(anonymous_23)
FNDA:1,(anonymous_24)
FNDA:0,(anonymous_25)
DA:3,1
DA:4,7
DA:5,7
DA:6,7
DA:8,7
DA:10,1
DA:11,6
DA:12,6
DA:13,6
DA:15,1
DA:16,7
DA:17,7
DA:18,7
DA:20,1
DA:21,7
DA:30,1
DA:31,1
DA:32,1
DA:33,0
DA:35,1
DA:36,1
DA:37,1
DA:38,1
DA:39,0
DA:42,1
DA:43,1
DA:44,1
DA:45,1
DA:46,1
DA:47,0
DA:49,1
DA:50,1
DA:51,1
DA:52,1
DA:53,1
DA:54,0
DA:56,1
DA:57,1
DA:58,1
DA:59,1
DA:60,1
DA:61,0
DA:63,1
DA:64,1
DA:65,1
DA:66,1
DA:67,1
DA:68,0
DA:71,1
DA:72,1
DA:73,1
DA:74,1
DA:75,1
DA:76,0
DA:78,1
DA:79,1
DA:80,1
DA:81,1
DA:82,1
DA:83,0
LF:60
LH:52
BRDA:5,0,0,7
BRDA:5,0,1,0
BRDA:5,1,0,7
BRDA:5,1,1,7
BRDA:10,2,0,6
BRF:5
BRH:4
end_of_record
TN:
SF:/Users/milafrerichs/Development/work/civicvision/terranodo/importer-client/src/components/uploadedDataLink.js
FN:6,mapStateToProps
FN:13,(anonymous_1)
FN:15,(anonymous_2)
FNF:3
FNH:0
FNDA:0,mapStateToProps
FNDA:0,(anonymous_1)
FNDA:0,(anonymous_2)
DA:7,0
DA:8,0
DA:13,1
DA:14,0
DA:16,0
DA:20,1
LF:6
LH:2
BRF:0
BRH:0
end_of_record
TN:
SF:/Users/milafrerichs/Development/work/civicvision/terranodo/importer-client/src/components/uploadedData.jsx
FN:13,(anonymous_0)
FN:16,(anonymous_1)
FN:21,(anonymous_2)
FN:24,(anonymous_3)
FNF:4
FNH:4
FNDA:2,(anonymous_0)
FNDA:1,(anonymous_1)
FNDA:2,(anonymous_2)
FNDA:2,(anonymous_3)
DA:14,2
DA:17,1
DA:18,1
DA:22,2
DA:25,2
LF:5
LH:5
BRDA:17,0,0,1
BRDA:17,0,1,0
BRF:2
BRH:1
end_of_record
TN:
SF:/Users/milafrerichs/Development/work/civicvision/terranodo/importer-client/src/components/uploadedLayer.jsx
FN:16,(anonymous_0)
FN:19,(anonymous_1)
FN:22,(anonymous_2)
FN:25,(anonymous_3)
FN:28,(anonymous_4)
FNF:5
FNH:5
FNDA:1,(anonymous_0)
FNDA:2,(anonymous_1)
FNDA:1,(anonymous_2)
FNDA:1,(anonymous_3)
FNDA:1,(anonymous_4)
DA:17,1
DA:20,2
DA:23,1
DA:26,1
DA:29,1
DA:30,1
DA:31,1
DA:32,0
DA:34,1
LF:9
LH:8
BRDA:20,0,0,2
BRDA:20,0,1,2
BRDA:23,1,0,1
BRDA:23,1,1,0
BRDA:26,2,0,1
BRDA:26,2,1,0
BRDA:31,3,0,0
BRDA:31,3,1,1
BRF:8
BRH:5
end_of_record
TN:
SF:/Users/milafrerichs/Development/work/civicvision/terranodo/importer-client/src/components/layerImportLink.js
FN:6,mapStateToProps
FN:18,(anonymous_1)
FN:20,(anonymous_2)
FN:23,(anonymous_3)
FNF:4
FNH:0
FNDA:0,mapStateToProps
FNDA:0,(anonymous_1)
FNDA:0,(anonymous_2)
FNDA:0,(anonymous_3)
DA:7,0
DA:8,0
DA:18,1
DA:19,0
DA:21,0
DA:24,0
DA:28,1
LF:7
LH:2
BRF:0
BRH:0
end_of_record
TN:
SF:/Users/milafrerichs/Development/work/civicvision/terranodo/importer-client/src/state/uploads/actions.js
FN:5,getUploadId
FN:10,uploadFileFailure
FN:16,uploadFileSuccess
FN:22,uploadedDataSuccess
FN:28,configureSuccess
FN:35,importAllSuccess
FN:41,importStarted
FN:47,importAllStarted
FN:53,upload
FN:54,(anonymous_9)
FN:58,(anonymous_10)
FN:59,(anonymous_11)
FN:62,getUploadedData
FN:63,(anonymous_13)
FN:68,(anonymous_14)
FN:71,configureUploads
FN:72,(anonymous_16)
FN:78,(anonymous_17)
FN:81,importAllLayers
FN:82,(anonymous_19)
FN:88,(anonymous_20)
FN:89,(anonymous_21)
FNF:22
FNH:20
FNDA:1,getUploadId
FNDA:0,uploadFileFailure
FNDA:2,uploadFileSuccess
FNDA:3,uploadedDataSuccess
FNDA:2,configureSuccess
FNDA:1,importAllSuccess
FNDA:3,importStarted
FNDA:1,importAllStarted
FNDA:1,upload
FNDA:1,(anonymous_9)
FNDA:1,(anonymous_10)
FNDA:0,(anonymous_11)
FNDA:2,getUploadedData
FNDA:2,(anonymous_13)
FNDA:2,(anonymous_14)
FNDA:1,configureUploads
FNDA:1,(anonymous_16)
FNDA:1,(anonymous_17)
FNDA:1,importAllLayers
FNDA:1,(anonymous_19)
FNDA:1,(anonymous_20)
FNDA:1,(anonymous_21)
DA:6,1
DA:11,0
DA:17,2
DA:23,3
DA:29,2
DA:36,1
DA:42,3
DA:48,1
DA:54,1
DA:55,1
DA:56,1
DA:57,1
DA:58,1
DA:59,0
DA:63,2
DA:64,2
DA:65,2
DA:66,2
DA:67,2
DA:68,2
DA:72,1
DA:73,1
DA:74,1
DA:75,1
DA:76,1
DA:77,1
DA:78,1
DA:82,1
DA:83,1
DA:84,1
DA:85,1
DA:86,1
DA:87,1
DA:88,1
DA:89,1
LF:35
LH:33
BRF:0
BRH:0
end_of_record
TN:
SF:/Users/milafrerichs/Development/work/civicvision/terranodo/importer-client/src/state/actiontypes.js
FNF:0
FNH:0
DA:1,1
DA:2,1
DA:3,1
DA:4,1
DA:5,1
DA:6,1
DA:7,1
DA:8,1
DA:9,1
DA:10,1
DA:11,1
DA:12,1
DA:13,1
DA:14,1
DA:15,1
DA:16,1
LF:16
LH:16
BRF:0
BRH:0
end_of_record
TN:
SF:/Users/milafrerichs/Development/work/civicvision/terranodo/importer-client/src/components/importer.jsx
FN:12,(anonymous_0)
FN:20,(anonymous_1)
FN:33,(anonymous_2)
FN:36,(anonymous_3)
FN:41,(anonymous_4)
FN:46,(anonymous_5)
FN:47,(anonymous_6)
FN:49,(anonymous_7)
FNF:8
FNH:2
FNDA:4,(anonymous_0)
FNDA:0,(anonymous_1)
FNDA:0,(anonymous_2)
FNDA:0,(anonymous_3)
FNDA:0,(anonymous_4)
FNDA:0,(anonymous_5)
FNDA:0,(anonymous_6)
FNDA:5,(anonymous_7)
DA:2,1
DA:4,1
DA:13,4
DA:14,4
DA:18,4
DA:21,0
DA:22,0
DA:23,0
DA:25,0
DA:26,0
DA:28,0
DA:29,0
DA:30,0
DA:34,0
DA:37,0
DA:42,0
DA:47,0
DA:51,5
DA:52,4
DA:54,5
DA:55,1
DA:57,5
DA:58,5
LF:23
LH:11
BRDA:22,0,0,0
BRDA:22,0,1,0
BRDA:22,1,0,0
BRDA:22,1,1,0
BRDA:25,2,0,0
BRDA:25,2,1,0
BRDA:28,3,0,0
BRDA:28,3,1,0
BRDA:51,4,0,4
BRDA:51,4,1,1
BRDA:54,5,0,1
BRDA:54,5,1,4
BRF:12
BRH:4
end_of_record
TN:
SF:/Users/milafrerichs/Development/work/civicvision/terranodo/importer-client/src/components/uploadLink.js
FN:5,mapStateToProps
FN:12,(anonymous_1)
FN:14,(anonymous_2)
FNF:3
FNH:0
FNDA:0,mapStateToProps
FNDA:0,(anonymous_1)
FNDA:0,(anonymous_2)
DA:6,0
DA:7,0
DA:12,1
DA:13,0
DA:15,0
DA:19,1
LF:6
LH:2
BRF:0
BRH:0
end_of_record
TN:
SF:/Users/milafrerichs/Development/work/civicvision/terranodo/importer-client/src/state/uploads/reducers.js
FN:16,(anonymous_0)
FNF:1
FNH:1
FNDA:23,(anonymous_0)
DA:3,1
DA:16,1
DA:17,23
DA:18,23
DA:20,1
DA:24,0
DA:29,2
DA:36,2
DA:40,1
DA:44,1
DA:48,1
DA:49,1
DA:53,2
DA:54,2
DA:58,13
LF:15
LH:14
BRDA:16,0,0,19
BRDA:18,1,0,1
BRDA:18,1,1,0
BRDA:18,1,2,2
BRDA:18,1,3,2
BRDA:18,1,4,1
BRDA:18,1,5,1
BRDA:18,1,6,1
BRDA:18,1,7,2
BRDA:18,1,8,13
BRF:10
BRH:9
end_of_record
